Created by PLY version 3.11 (http://www.dabeaz.com/ply)

Unused terminals:

    ASTERISK
    DE
    O
    TRANSFORMA_A

Grammar

Rule 0     S' -> query
Rule 1     query -> TRAEME selection_todo selection_distinct selection_contando DE_LA_TABLA table_name optional_join condition optional_group_by optional_having optional_order_by optional_limit SEMICOLON
Rule 2     selection_todo -> TODO
Rule 3     selection_todo -> empty
Rule 4     selection_distinct -> LOS_DISTINTOS column_name
Rule 5     selection_distinct -> empty
Rule 6     selection_contando -> CONTANDO LPAREN TODO RPAREN
Rule 7     selection_contando -> empty
Rule 8     query -> METE_EN table_name LPAREN column_list RPAREN LOS_VALORES LPAREN value_list RPAREN SEMICOLON
Rule 9     query -> ACTUALIZA table_name SETEA column_name OPERATOR value condition SEMICOLON
Rule 10    query -> BORRA_DE_LA_TABLA table_name condition SEMICOLON
Rule 11    query -> CREA_LA_TABLA table_name LPAREN column_definitions RPAREN SEMICOLON
Rule 12    query -> CAMBIA_LA_TABLA table_name add_column drop_column SEMICOLON
Rule 13    query -> TIRA_LA_TABLA table_name SEMICOLON
Rule 14    optional_join -> MEZCLANDO table_name EN join_columns DONDE join_condition
Rule 15    optional_join -> empty
Rule 16    join_columns -> ID DOT ID OPERATOR ID DOT ID
Rule 17    join_columns -> empty
Rule 18    join_condition -> ID DOT ID OPERATOR STRING
Rule 19    join_condition -> empty
Rule 20    condition -> DONDE expression
Rule 21    condition -> CONTANDO LPAREN TODO RPAREN OPERATOR NUMBER
Rule 22    condition -> empty
Rule 23    expression -> ID OPERATOR value
Rule 24    expression -> ID PARECIDO_A value
Rule 25    expression -> ID ES_NULO
Rule 26    expression -> ID NO_NULO
Rule 27    expression -> ID ENTRE value Y value
Rule 28    expression -> ID EN_ESTO LPAREN value_list RPAREN
Rule 29    expression -> EXISTE LPAREN query RPAREN
Rule 30    expression -> ID DOT ID OPERATOR STRING
Rule 31    add_column -> AGREGA_LA_COLUMNA column_definition
Rule 32    add_column -> empty
Rule 33    drop_column -> ELIMINA_LA_COLUMNA column_name
Rule 34    drop_column -> empty
Rule 35    options_type -> LPAREN NUMBER RPAREN unico_constraint no_nulo_constraint por_defecto_constraint clave_prima_constraint clave_referente_constraint
Rule 36    options_type -> empty
Rule 37    unico_constraint -> UNICO
Rule 38    unico_constraint -> empty
Rule 39    no_nulo_constraint -> NO_NULO
Rule 40    no_nulo_constraint -> empty
Rule 41    por_defecto_constraint -> POR_DEFECTO value
Rule 42    por_defecto_constraint -> empty
Rule 43    clave_prima_constraint -> CLAVE_PRIMA
Rule 44    clave_prima_constraint -> empty
Rule 45    clave_referente_constraint -> CLAVE_REFERENTE
Rule 46    clave_referente_constraint -> empty
Rule 47    column_definition -> ID TYPE options_type
Rule 48    column_definitions -> column_definition
Rule 49    column_definitions -> column_definitions COMMA column_definition
Rule 50    column_list -> ID
Rule 51    column_list -> column_list COMMA ID
Rule 52    value_list -> value
Rule 53    value_list -> value_list COMMA value
Rule 54    value -> NUMBER
Rule 55    value -> STRING
Rule 56    value -> ID
Rule 57    optional_group_by -> AGRUPANDO_POR column_list
Rule 58    optional_group_by -> empty
Rule 59    optional_having -> WHERE_DEL_GROUP_BY condition
Rule 60    optional_having -> empty
Rule 61    optional_order_by -> ORDENA_POR column_list
Rule 62    optional_order_by -> empty
Rule 63    optional_limit -> COMO_MUCHO NUMBER
Rule 64    optional_limit -> empty
Rule 65    table_name -> ID
Rule 66    column_name -> ID
Rule 67    empty -> <empty>

Terminals, with rules where they appear

ACTUALIZA            : 9
AGREGA_LA_COLUMNA    : 31
AGRUPANDO_POR        : 57
ASTERISK             : 
BORRA_DE_LA_TABLA    : 10
CAMBIA_LA_TABLA      : 12
CLAVE_PRIMA          : 43
CLAVE_REFERENTE      : 45
COMMA                : 49 51 53
COMO_MUCHO           : 63
CONTANDO             : 6 21
CREA_LA_TABLA        : 11
DE                   : 
DE_LA_TABLA          : 1
DONDE                : 14 20
DOT                  : 16 16 18 30
ELIMINA_LA_COLUMNA   : 33
EN                   : 14
ENTRE                : 27
EN_ESTO              : 28
ES_NULO              : 25
EXISTE               : 29
ID                   : 16 16 16 16 18 18 23 24 25 26 27 28 30 30 47 50 51 56 65 66
LOS_DISTINTOS        : 4
LOS_VALORES          : 8
LPAREN               : 6 8 8 11 21 28 29 35
METE_EN              : 8
MEZCLANDO            : 14
NO_NULO              : 26 39
NUMBER               : 21 35 54 63
O                    : 
OPERATOR             : 9 16 18 21 23 30
ORDENA_POR           : 61
PARECIDO_A           : 24
POR_DEFECTO          : 41
RPAREN               : 6 8 8 11 21 28 29 35
SEMICOLON            : 1 8 9 10 11 12 13
SETEA                : 9
STRING               : 18 30 55
TIRA_LA_TABLA        : 13
TODO                 : 2 6 21
TRAEME               : 1
TRANSFORMA_A         : 
TYPE                 : 47
UNICO                : 37
WHERE_DEL_GROUP_BY   : 59
Y                    : 27
error                : 

Nonterminals, with rules where they appear

add_column           : 12
clave_prima_constraint : 35
clave_referente_constraint : 35
column_definition    : 31 48 49
column_definitions   : 11 49
column_list          : 8 51 57 61
column_name          : 4 9 33
condition            : 1 9 10 59
drop_column          : 12
empty                : 3 5 7 15 17 19 22 32 34 36 38 40 42 44 46 58 60 62 64
expression           : 20
join_columns         : 14
join_condition       : 14
no_nulo_constraint   : 35
optional_group_by    : 1
optional_having      : 1
optional_join        : 1
optional_limit       : 1
optional_order_by    : 1
options_type         : 47
por_defecto_constraint : 35
query                : 29 0
selection_contando   : 1
selection_distinct   : 1
selection_todo       : 1
table_name           : 1 8 9 10 11 12 13 14
unico_constraint     : 35
value                : 9 23 24 27 27 41 52 53
value_list           : 8 28 53

Parsing method: LALR

state 0

    (0) S' -> . query
    (1) query -> . TRAEME selection_todo selection_distinct selection_contando DE_LA_TABLA table_name optional_join condition optional_group_by optional_having optional_order_by optional_limit SEMICOLON
    (8) query -> . METE_EN table_name LPAREN column_list RPAREN LOS_VALORES LPAREN value_list RPAREN SEMICOLON
    (9) query -> . ACTUALIZA table_name SETEA column_name OPERATOR value condition SEMICOLON
    (10) query -> . BORRA_DE_LA_TABLA table_name condition SEMICOLON
    (11) query -> . CREA_LA_TABLA table_name LPAREN column_definitions RPAREN SEMICOLON
    (12) query -> . CAMBIA_LA_TABLA table_name add_column drop_column SEMICOLON
    (13) query -> . TIRA_LA_TABLA table_name SEMICOLON

    TRAEME          shift and go to state 2
    METE_EN         shift and go to state 3
    ACTUALIZA       shift and go to state 4
    BORRA_DE_LA_TABLA shift and go to state 5
    CREA_LA_TABLA   shift and go to state 6
    CAMBIA_LA_TABLA shift and go to state 7
    TIRA_LA_TABLA   shift and go to state 8

    query                          shift and go to state 1

state 1

    (0) S' -> query .



state 2

    (1) query -> TRAEME . selection_todo selection_distinct selection_contando DE_LA_TABLA table_name optional_join condition optional_group_by optional_having optional_order_by optional_limit SEMICOLON
    (2) selection_todo -> . TODO
    (3) selection_todo -> . empty
    (67) empty -> .

    TODO            shift and go to state 10
    LOS_DISTINTOS   reduce using rule 67 (empty -> .)
    CONTANDO        reduce using rule 67 (empty -> .)
    DE_LA_TABLA     reduce using rule 67 (empty -> .)

    selection_todo                 shift and go to state 9
    empty                          shift and go to state 11

state 3

    (8) query -> METE_EN . table_name LPAREN column_list RPAREN LOS_VALORES LPAREN value_list RPAREN SEMICOLON
    (65) table_name -> . ID

    ID              shift and go to state 13

    table_name                     shift and go to state 12

state 4

    (9) query -> ACTUALIZA . table_name SETEA column_name OPERATOR value condition SEMICOLON
    (65) table_name -> . ID

    ID              shift and go to state 13

    table_name                     shift and go to state 14

state 5

    (10) query -> BORRA_DE_LA_TABLA . table_name condition SEMICOLON
    (65) table_name -> . ID

    ID              shift and go to state 13

    table_name                     shift and go to state 15

state 6

    (11) query -> CREA_LA_TABLA . table_name LPAREN column_definitions RPAREN SEMICOLON
    (65) table_name -> . ID

    ID              shift and go to state 13

    table_name                     shift and go to state 16

state 7

    (12) query -> CAMBIA_LA_TABLA . table_name add_column drop_column SEMICOLON
    (65) table_name -> . ID

    ID              shift and go to state 13

    table_name                     shift and go to state 17

state 8

    (13) query -> TIRA_LA_TABLA . table_name SEMICOLON
    (65) table_name -> . ID

    ID              shift and go to state 13

    table_name                     shift and go to state 18

state 9

    (1) query -> TRAEME selection_todo . selection_distinct selection_contando DE_LA_TABLA table_name optional_join condition optional_group_by optional_having optional_order_by optional_limit SEMICOLON
    (4) selection_distinct -> . LOS_DISTINTOS column_name
    (5) selection_distinct -> . empty
    (67) empty -> .

    LOS_DISTINTOS   shift and go to state 20
    CONTANDO        reduce using rule 67 (empty -> .)
    DE_LA_TABLA     reduce using rule 67 (empty -> .)

    selection_distinct             shift and go to state 19
    empty                          shift and go to state 21

state 10

    (2) selection_todo -> TODO .

    LOS_DISTINTOS   reduce using rule 2 (selection_todo -> TODO .)
    CONTANDO        reduce using rule 2 (selection_todo -> TODO .)
    DE_LA_TABLA     reduce using rule 2 (selection_todo -> TODO .)


state 11

    (3) selection_todo -> empty .

    LOS_DISTINTOS   reduce using rule 3 (selection_todo -> empty .)
    CONTANDO        reduce using rule 3 (selection_todo -> empty .)
    DE_LA_TABLA     reduce using rule 3 (selection_todo -> empty .)


state 12

    (8) query -> METE_EN table_name . LPAREN column_list RPAREN LOS_VALORES LPAREN value_list RPAREN SEMICOLON

    LPAREN          shift and go to state 22


state 13

    (65) table_name -> ID .

    LPAREN          reduce using rule 65 (table_name -> ID .)
    SETEA           reduce using rule 65 (table_name -> ID .)
    DONDE           reduce using rule 65 (table_name -> ID .)
    CONTANDO        reduce using rule 65 (table_name -> ID .)
    SEMICOLON       reduce using rule 65 (table_name -> ID .)
    AGREGA_LA_COLUMNA reduce using rule 65 (table_name -> ID .)
    ELIMINA_LA_COLUMNA reduce using rule 65 (table_name -> ID .)
    MEZCLANDO       reduce using rule 65 (table_name -> ID .)
    AGRUPANDO_POR   reduce using rule 65 (table_name -> ID .)
    WHERE_DEL_GROUP_BY reduce using rule 65 (table_name -> ID .)
    ORDENA_POR      reduce using rule 65 (table_name -> ID .)
    COMO_MUCHO      reduce using rule 65 (table_name -> ID .)
    EN              reduce using rule 65 (table_name -> ID .)


state 14

    (9) query -> ACTUALIZA table_name . SETEA column_name OPERATOR value condition SEMICOLON

    SETEA           shift and go to state 23


state 15

    (10) query -> BORRA_DE_LA_TABLA table_name . condition SEMICOLON
    (20) condition -> . DONDE expression
    (21) condition -> . CONTANDO LPAREN TODO RPAREN OPERATOR NUMBER
    (22) condition -> . empty
    (67) empty -> .

    DONDE           shift and go to state 25
    CONTANDO        shift and go to state 26
    SEMICOLON       reduce using rule 67 (empty -> .)

    condition                      shift and go to state 24
    empty                          shift and go to state 27

state 16

    (11) query -> CREA_LA_TABLA table_name . LPAREN column_definitions RPAREN SEMICOLON

    LPAREN          shift and go to state 28


state 17

    (12) query -> CAMBIA_LA_TABLA table_name . add_column drop_column SEMICOLON
    (31) add_column -> . AGREGA_LA_COLUMNA column_definition
    (32) add_column -> . empty
    (67) empty -> .

    AGREGA_LA_COLUMNA shift and go to state 30
    ELIMINA_LA_COLUMNA reduce using rule 67 (empty -> .)
    SEMICOLON       reduce using rule 67 (empty -> .)

    add_column                     shift and go to state 29
    empty                          shift and go to state 31

state 18

    (13) query -> TIRA_LA_TABLA table_name . SEMICOLON

    SEMICOLON       shift and go to state 32


state 19

    (1) query -> TRAEME selection_todo selection_distinct . selection_contando DE_LA_TABLA table_name optional_join condition optional_group_by optional_having optional_order_by optional_limit SEMICOLON
    (6) selection_contando -> . CONTANDO LPAREN TODO RPAREN
    (7) selection_contando -> . empty
    (67) empty -> .

    CONTANDO        shift and go to state 34
    DE_LA_TABLA     reduce using rule 67 (empty -> .)

    selection_contando             shift and go to state 33
    empty                          shift and go to state 35

state 20

    (4) selection_distinct -> LOS_DISTINTOS . column_name
    (66) column_name -> . ID

    ID              shift and go to state 37

    column_name                    shift and go to state 36

state 21

    (5) selection_distinct -> empty .

    CONTANDO        reduce using rule 5 (selection_distinct -> empty .)
    DE_LA_TABLA     reduce using rule 5 (selection_distinct -> empty .)


state 22

    (8) query -> METE_EN table_name LPAREN . column_list RPAREN LOS_VALORES LPAREN value_list RPAREN SEMICOLON
    (50) column_list -> . ID
    (51) column_list -> . column_list COMMA ID

    ID              shift and go to state 39

    column_list                    shift and go to state 38

state 23

    (9) query -> ACTUALIZA table_name SETEA . column_name OPERATOR value condition SEMICOLON
    (66) column_name -> . ID

    ID              shift and go to state 37

    column_name                    shift and go to state 40

state 24

    (10) query -> BORRA_DE_LA_TABLA table_name condition . SEMICOLON

    SEMICOLON       shift and go to state 41


state 25

    (20) condition -> DONDE . expression
    (23) expression -> . ID OPERATOR value
    (24) expression -> . ID PARECIDO_A value
    (25) expression -> . ID ES_NULO
    (26) expression -> . ID NO_NULO
    (27) expression -> . ID ENTRE value Y value
    (28) expression -> . ID EN_ESTO LPAREN value_list RPAREN
    (29) expression -> . EXISTE LPAREN query RPAREN
    (30) expression -> . ID DOT ID OPERATOR STRING

    ID              shift and go to state 43
    EXISTE          shift and go to state 44

    expression                     shift and go to state 42

state 26

    (21) condition -> CONTANDO . LPAREN TODO RPAREN OPERATOR NUMBER

    LPAREN          shift and go to state 45


state 27

    (22) condition -> empty .

    SEMICOLON       reduce using rule 22 (condition -> empty .)
    AGRUPANDO_POR   reduce using rule 22 (condition -> empty .)
    WHERE_DEL_GROUP_BY reduce using rule 22 (condition -> empty .)
    ORDENA_POR      reduce using rule 22 (condition -> empty .)
    COMO_MUCHO      reduce using rule 22 (condition -> empty .)


state 28

    (11) query -> CREA_LA_TABLA table_name LPAREN . column_definitions RPAREN SEMICOLON
    (48) column_definitions -> . column_definition
    (49) column_definitions -> . column_definitions COMMA column_definition
    (47) column_definition -> . ID TYPE options_type

    ID              shift and go to state 48

    column_definitions             shift and go to state 46
    column_definition              shift and go to state 47

state 29

    (12) query -> CAMBIA_LA_TABLA table_name add_column . drop_column SEMICOLON
    (33) drop_column -> . ELIMINA_LA_COLUMNA column_name
    (34) drop_column -> . empty
    (67) empty -> .

    ELIMINA_LA_COLUMNA shift and go to state 50
    SEMICOLON       reduce using rule 67 (empty -> .)

    drop_column                    shift and go to state 49
    empty                          shift and go to state 51

state 30

    (31) add_column -> AGREGA_LA_COLUMNA . column_definition
    (47) column_definition -> . ID TYPE options_type

    ID              shift and go to state 48

    column_definition              shift and go to state 52

state 31

    (32) add_column -> empty .

    ELIMINA_LA_COLUMNA reduce using rule 32 (add_column -> empty .)
    SEMICOLON       reduce using rule 32 (add_column -> empty .)


state 32

    (13) query -> TIRA_LA_TABLA table_name SEMICOLON .

    $end            reduce using rule 13 (query -> TIRA_LA_TABLA table_name SEMICOLON .)
    RPAREN          reduce using rule 13 (query -> TIRA_LA_TABLA table_name SEMICOLON .)


state 33

    (1) query -> TRAEME selection_todo selection_distinct selection_contando . DE_LA_TABLA table_name optional_join condition optional_group_by optional_having optional_order_by optional_limit SEMICOLON

    DE_LA_TABLA     shift and go to state 53


state 34

    (6) selection_contando -> CONTANDO . LPAREN TODO RPAREN

    LPAREN          shift and go to state 54


state 35

    (7) selection_contando -> empty .

    DE_LA_TABLA     reduce using rule 7 (selection_contando -> empty .)


state 36

    (4) selection_distinct -> LOS_DISTINTOS column_name .

    CONTANDO        reduce using rule 4 (selection_distinct -> LOS_DISTINTOS column_name .)
    DE_LA_TABLA     reduce using rule 4 (selection_distinct -> LOS_DISTINTOS column_name .)


state 37

    (66) column_name -> ID .

    CONTANDO        reduce using rule 66 (column_name -> ID .)
    DE_LA_TABLA     reduce using rule 66 (column_name -> ID .)
    OPERATOR        reduce using rule 66 (column_name -> ID .)
    SEMICOLON       reduce using rule 66 (column_name -> ID .)


state 38

    (8) query -> METE_EN table_name LPAREN column_list . RPAREN LOS_VALORES LPAREN value_list RPAREN SEMICOLON
    (51) column_list -> column_list . COMMA ID

    RPAREN          shift and go to state 55
    COMMA           shift and go to state 56


state 39

    (50) column_list -> ID .

    RPAREN          reduce using rule 50 (column_list -> ID .)
    COMMA           reduce using rule 50 (column_list -> ID .)
    WHERE_DEL_GROUP_BY reduce using rule 50 (column_list -> ID .)
    ORDENA_POR      reduce using rule 50 (column_list -> ID .)
    COMO_MUCHO      reduce using rule 50 (column_list -> ID .)
    SEMICOLON       reduce using rule 50 (column_list -> ID .)


state 40

    (9) query -> ACTUALIZA table_name SETEA column_name . OPERATOR value condition SEMICOLON

    OPERATOR        shift and go to state 57


state 41

    (10) query -> BORRA_DE_LA_TABLA table_name condition SEMICOLON .

    $end            reduce using rule 10 (query -> BORRA_DE_LA_TABLA table_name condition SEMICOLON .)
    RPAREN          reduce using rule 10 (query -> BORRA_DE_LA_TABLA table_name condition SEMICOLON .)


state 42

    (20) condition -> DONDE expression .

    SEMICOLON       reduce using rule 20 (condition -> DONDE expression .)
    AGRUPANDO_POR   reduce using rule 20 (condition -> DONDE expression .)
    WHERE_DEL_GROUP_BY reduce using rule 20 (condition -> DONDE expression .)
    ORDENA_POR      reduce using rule 20 (condition -> DONDE expression .)
    COMO_MUCHO      reduce using rule 20 (condition -> DONDE expression .)


state 43

    (23) expression -> ID . OPERATOR value
    (24) expression -> ID . PARECIDO_A value
    (25) expression -> ID . ES_NULO
    (26) expression -> ID . NO_NULO
    (27) expression -> ID . ENTRE value Y value
    (28) expression -> ID . EN_ESTO LPAREN value_list RPAREN
    (30) expression -> ID . DOT ID OPERATOR STRING

    OPERATOR        shift and go to state 58
    PARECIDO_A      shift and go to state 59
    ES_NULO         shift and go to state 60
    NO_NULO         shift and go to state 61
    ENTRE           shift and go to state 62
    EN_ESTO         shift and go to state 63
    DOT             shift and go to state 64


state 44

    (29) expression -> EXISTE . LPAREN query RPAREN

    LPAREN          shift and go to state 65


state 45

    (21) condition -> CONTANDO LPAREN . TODO RPAREN OPERATOR NUMBER

    TODO            shift and go to state 66


state 46

    (11) query -> CREA_LA_TABLA table_name LPAREN column_definitions . RPAREN SEMICOLON
    (49) column_definitions -> column_definitions . COMMA column_definition

    RPAREN          shift and go to state 67
    COMMA           shift and go to state 68


state 47

    (48) column_definitions -> column_definition .

    RPAREN          reduce using rule 48 (column_definitions -> column_definition .)
    COMMA           reduce using rule 48 (column_definitions -> column_definition .)


state 48

    (47) column_definition -> ID . TYPE options_type

    TYPE            shift and go to state 69


state 49

    (12) query -> CAMBIA_LA_TABLA table_name add_column drop_column . SEMICOLON

    SEMICOLON       shift and go to state 70


state 50

    (33) drop_column -> ELIMINA_LA_COLUMNA . column_name
    (66) column_name -> . ID

    ID              shift and go to state 37

    column_name                    shift and go to state 71

state 51

    (34) drop_column -> empty .

    SEMICOLON       reduce using rule 34 (drop_column -> empty .)


state 52

    (31) add_column -> AGREGA_LA_COLUMNA column_definition .

    ELIMINA_LA_COLUMNA reduce using rule 31 (add_column -> AGREGA_LA_COLUMNA column_definition .)
    SEMICOLON       reduce using rule 31 (add_column -> AGREGA_LA_COLUMNA column_definition .)


state 53

    (1) query -> TRAEME selection_todo selection_distinct selection_contando DE_LA_TABLA . table_name optional_join condition optional_group_by optional_having optional_order_by optional_limit SEMICOLON
    (65) table_name -> . ID

    ID              shift and go to state 13

    table_name                     shift and go to state 72

state 54

    (6) selection_contando -> CONTANDO LPAREN . TODO RPAREN

    TODO            shift and go to state 73


state 55

    (8) query -> METE_EN table_name LPAREN column_list RPAREN . LOS_VALORES LPAREN value_list RPAREN SEMICOLON

    LOS_VALORES     shift and go to state 74


state 56

    (51) column_list -> column_list COMMA . ID

    ID              shift and go to state 75


state 57

    (9) query -> ACTUALIZA table_name SETEA column_name OPERATOR . value condition SEMICOLON
    (54) value -> . NUMBER
    (55) value -> . STRING
    (56) value -> . ID

    NUMBER          shift and go to state 77
    STRING          shift and go to state 78
    ID              shift and go to state 79

    value                          shift and go to state 76

state 58

    (23) expression -> ID OPERATOR . value
    (54) value -> . NUMBER
    (55) value -> . STRING
    (56) value -> . ID

    NUMBER          shift and go to state 77
    STRING          shift and go to state 78
    ID              shift and go to state 79

    value                          shift and go to state 80

state 59

    (24) expression -> ID PARECIDO_A . value
    (54) value -> . NUMBER
    (55) value -> . STRING
    (56) value -> . ID

    NUMBER          shift and go to state 77
    STRING          shift and go to state 78
    ID              shift and go to state 79

    value                          shift and go to state 81

state 60

    (25) expression -> ID ES_NULO .

    SEMICOLON       reduce using rule 25 (expression -> ID ES_NULO .)
    AGRUPANDO_POR   reduce using rule 25 (expression -> ID ES_NULO .)
    WHERE_DEL_GROUP_BY reduce using rule 25 (expression -> ID ES_NULO .)
    ORDENA_POR      reduce using rule 25 (expression -> ID ES_NULO .)
    COMO_MUCHO      reduce using rule 25 (expression -> ID ES_NULO .)


state 61

    (26) expression -> ID NO_NULO .

    SEMICOLON       reduce using rule 26 (expression -> ID NO_NULO .)
    AGRUPANDO_POR   reduce using rule 26 (expression -> ID NO_NULO .)
    WHERE_DEL_GROUP_BY reduce using rule 26 (expression -> ID NO_NULO .)
    ORDENA_POR      reduce using rule 26 (expression -> ID NO_NULO .)
    COMO_MUCHO      reduce using rule 26 (expression -> ID NO_NULO .)


state 62

    (27) expression -> ID ENTRE . value Y value
    (54) value -> . NUMBER
    (55) value -> . STRING
    (56) value -> . ID

    NUMBER          shift and go to state 77
    STRING          shift and go to state 78
    ID              shift and go to state 79

    value                          shift and go to state 82

state 63

    (28) expression -> ID EN_ESTO . LPAREN value_list RPAREN

    LPAREN          shift and go to state 83


state 64

    (30) expression -> ID DOT . ID OPERATOR STRING

    ID              shift and go to state 84


state 65

    (29) expression -> EXISTE LPAREN . query RPAREN
    (1) query -> . TRAEME selection_todo selection_distinct selection_contando DE_LA_TABLA table_name optional_join condition optional_group_by optional_having optional_order_by optional_limit SEMICOLON
    (8) query -> . METE_EN table_name LPAREN column_list RPAREN LOS_VALORES LPAREN value_list RPAREN SEMICOLON
    (9) query -> . ACTUALIZA table_name SETEA column_name OPERATOR value condition SEMICOLON
    (10) query -> . BORRA_DE_LA_TABLA table_name condition SEMICOLON
    (11) query -> . CREA_LA_TABLA table_name LPAREN column_definitions RPAREN SEMICOLON
    (12) query -> . CAMBIA_LA_TABLA table_name add_column drop_column SEMICOLON
    (13) query -> . TIRA_LA_TABLA table_name SEMICOLON

    TRAEME          shift and go to state 2
    METE_EN         shift and go to state 3
    ACTUALIZA       shift and go to state 4
    BORRA_DE_LA_TABLA shift and go to state 5
    CREA_LA_TABLA   shift and go to state 6
    CAMBIA_LA_TABLA shift and go to state 7
    TIRA_LA_TABLA   shift and go to state 8

    query                          shift and go to state 85

state 66

    (21) condition -> CONTANDO LPAREN TODO . RPAREN OPERATOR NUMBER

    RPAREN          shift and go to state 86


state 67

    (11) query -> CREA_LA_TABLA table_name LPAREN column_definitions RPAREN . SEMICOLON

    SEMICOLON       shift and go to state 87


state 68

    (49) column_definitions -> column_definitions COMMA . column_definition
    (47) column_definition -> . ID TYPE options_type

    ID              shift and go to state 48

    column_definition              shift and go to state 88

state 69

    (47) column_definition -> ID TYPE . options_type
    (35) options_type -> . LPAREN NUMBER RPAREN unico_constraint no_nulo_constraint por_defecto_constraint clave_prima_constraint clave_referente_constraint
    (36) options_type -> . empty
    (67) empty -> .

    LPAREN          shift and go to state 90
    RPAREN          reduce using rule 67 (empty -> .)
    COMMA           reduce using rule 67 (empty -> .)
    ELIMINA_LA_COLUMNA reduce using rule 67 (empty -> .)
    SEMICOLON       reduce using rule 67 (empty -> .)

    options_type                   shift and go to state 89
    empty                          shift and go to state 91

state 70

    (12) query -> CAMBIA_LA_TABLA table_name add_column drop_column SEMICOLON .

    $end            reduce using rule 12 (query -> CAMBIA_LA_TABLA table_name add_column drop_column SEMICOLON .)
    RPAREN          reduce using rule 12 (query -> CAMBIA_LA_TABLA table_name add_column drop_column SEMICOLON .)


state 71

    (33) drop_column -> ELIMINA_LA_COLUMNA column_name .

    SEMICOLON       reduce using rule 33 (drop_column -> ELIMINA_LA_COLUMNA column_name .)


state 72

    (1) query -> TRAEME selection_todo selection_distinct selection_contando DE_LA_TABLA table_name . optional_join condition optional_group_by optional_having optional_order_by optional_limit SEMICOLON
    (14) optional_join -> . MEZCLANDO table_name EN join_columns DONDE join_condition
    (15) optional_join -> . empty
    (67) empty -> .

    MEZCLANDO       shift and go to state 93
    DONDE           reduce using rule 67 (empty -> .)
    CONTANDO        reduce using rule 67 (empty -> .)
    AGRUPANDO_POR   reduce using rule 67 (empty -> .)
    WHERE_DEL_GROUP_BY reduce using rule 67 (empty -> .)
    ORDENA_POR      reduce using rule 67 (empty -> .)
    COMO_MUCHO      reduce using rule 67 (empty -> .)
    SEMICOLON       reduce using rule 67 (empty -> .)

    optional_join                  shift and go to state 92
    empty                          shift and go to state 94

state 73

    (6) selection_contando -> CONTANDO LPAREN TODO . RPAREN

    RPAREN          shift and go to state 95


state 74

    (8) query -> METE_EN table_name LPAREN column_list RPAREN LOS_VALORES . LPAREN value_list RPAREN SEMICOLON

    LPAREN          shift and go to state 96


state 75

    (51) column_list -> column_list COMMA ID .

    RPAREN          reduce using rule 51 (column_list -> column_list COMMA ID .)
    COMMA           reduce using rule 51 (column_list -> column_list COMMA ID .)
    WHERE_DEL_GROUP_BY reduce using rule 51 (column_list -> column_list COMMA ID .)
    ORDENA_POR      reduce using rule 51 (column_list -> column_list COMMA ID .)
    COMO_MUCHO      reduce using rule 51 (column_list -> column_list COMMA ID .)
    SEMICOLON       reduce using rule 51 (column_list -> column_list COMMA ID .)


state 76

    (9) query -> ACTUALIZA table_name SETEA column_name OPERATOR value . condition SEMICOLON
    (20) condition -> . DONDE expression
    (21) condition -> . CONTANDO LPAREN TODO RPAREN OPERATOR NUMBER
    (22) condition -> . empty
    (67) empty -> .

    DONDE           shift and go to state 25
    CONTANDO        shift and go to state 26
    SEMICOLON       reduce using rule 67 (empty -> .)

    condition                      shift and go to state 97
    empty                          shift and go to state 27

state 77

    (54) value -> NUMBER .

    DONDE           reduce using rule 54 (value -> NUMBER .)
    CONTANDO        reduce using rule 54 (value -> NUMBER .)
    SEMICOLON       reduce using rule 54 (value -> NUMBER .)
    AGRUPANDO_POR   reduce using rule 54 (value -> NUMBER .)
    WHERE_DEL_GROUP_BY reduce using rule 54 (value -> NUMBER .)
    ORDENA_POR      reduce using rule 54 (value -> NUMBER .)
    COMO_MUCHO      reduce using rule 54 (value -> NUMBER .)
    Y               reduce using rule 54 (value -> NUMBER .)
    RPAREN          reduce using rule 54 (value -> NUMBER .)
    COMMA           reduce using rule 54 (value -> NUMBER .)
    CLAVE_PRIMA     reduce using rule 54 (value -> NUMBER .)
    CLAVE_REFERENTE reduce using rule 54 (value -> NUMBER .)
    ELIMINA_LA_COLUMNA reduce using rule 54 (value -> NUMBER .)


state 78

    (55) value -> STRING .

    DONDE           reduce using rule 55 (value -> STRING .)
    CONTANDO        reduce using rule 55 (value -> STRING .)
    SEMICOLON       reduce using rule 55 (value -> STRING .)
    AGRUPANDO_POR   reduce using rule 55 (value -> STRING .)
    WHERE_DEL_GROUP_BY reduce using rule 55 (value -> STRING .)
    ORDENA_POR      reduce using rule 55 (value -> STRING .)
    COMO_MUCHO      reduce using rule 55 (value -> STRING .)
    Y               reduce using rule 55 (value -> STRING .)
    RPAREN          reduce using rule 55 (value -> STRING .)
    COMMA           reduce using rule 55 (value -> STRING .)
    CLAVE_PRIMA     reduce using rule 55 (value -> STRING .)
    CLAVE_REFERENTE reduce using rule 55 (value -> STRING .)
    ELIMINA_LA_COLUMNA reduce using rule 55 (value -> STRING .)


state 79

    (56) value -> ID .

    DONDE           reduce using rule 56 (value -> ID .)
    CONTANDO        reduce using rule 56 (value -> ID .)
    SEMICOLON       reduce using rule 56 (value -> ID .)
    AGRUPANDO_POR   reduce using rule 56 (value -> ID .)
    WHERE_DEL_GROUP_BY reduce using rule 56 (value -> ID .)
    ORDENA_POR      reduce using rule 56 (value -> ID .)
    COMO_MUCHO      reduce using rule 56 (value -> ID .)
    Y               reduce using rule 56 (value -> ID .)
    RPAREN          reduce using rule 56 (value -> ID .)
    COMMA           reduce using rule 56 (value -> ID .)
    CLAVE_PRIMA     reduce using rule 56 (value -> ID .)
    CLAVE_REFERENTE reduce using rule 56 (value -> ID .)
    ELIMINA_LA_COLUMNA reduce using rule 56 (value -> ID .)


state 80

    (23) expression -> ID OPERATOR value .

    SEMICOLON       reduce using rule 23 (expression -> ID OPERATOR value .)
    AGRUPANDO_POR   reduce using rule 23 (expression -> ID OPERATOR value .)
    WHERE_DEL_GROUP_BY reduce using rule 23 (expression -> ID OPERATOR value .)
    ORDENA_POR      reduce using rule 23 (expression -> ID OPERATOR value .)
    COMO_MUCHO      reduce using rule 23 (expression -> ID OPERATOR value .)


state 81

    (24) expression -> ID PARECIDO_A value .

    SEMICOLON       reduce using rule 24 (expression -> ID PARECIDO_A value .)
    AGRUPANDO_POR   reduce using rule 24 (expression -> ID PARECIDO_A value .)
    WHERE_DEL_GROUP_BY reduce using rule 24 (expression -> ID PARECIDO_A value .)
    ORDENA_POR      reduce using rule 24 (expression -> ID PARECIDO_A value .)
    COMO_MUCHO      reduce using rule 24 (expression -> ID PARECIDO_A value .)


state 82

    (27) expression -> ID ENTRE value . Y value

    Y               shift and go to state 98


state 83

    (28) expression -> ID EN_ESTO LPAREN . value_list RPAREN
    (52) value_list -> . value
    (53) value_list -> . value_list COMMA value
    (54) value -> . NUMBER
    (55) value -> . STRING
    (56) value -> . ID

    NUMBER          shift and go to state 77
    STRING          shift and go to state 78
    ID              shift and go to state 79

    value_list                     shift and go to state 99
    value                          shift and go to state 100

state 84

    (30) expression -> ID DOT ID . OPERATOR STRING

    OPERATOR        shift and go to state 101


state 85

    (29) expression -> EXISTE LPAREN query . RPAREN

    RPAREN          shift and go to state 102


state 86

    (21) condition -> CONTANDO LPAREN TODO RPAREN . OPERATOR NUMBER

    OPERATOR        shift and go to state 103


state 87

    (11) query -> CREA_LA_TABLA table_name LPAREN column_definitions RPAREN SEMICOLON .

    $end            reduce using rule 11 (query -> CREA_LA_TABLA table_name LPAREN column_definitions RPAREN SEMICOLON .)
    RPAREN          reduce using rule 11 (query -> CREA_LA_TABLA table_name LPAREN column_definitions RPAREN SEMICOLON .)


state 88

    (49) column_definitions -> column_definitions COMMA column_definition .

    RPAREN          reduce using rule 49 (column_definitions -> column_definitions COMMA column_definition .)
    COMMA           reduce using rule 49 (column_definitions -> column_definitions COMMA column_definition .)


state 89

    (47) column_definition -> ID TYPE options_type .

    RPAREN          reduce using rule 47 (column_definition -> ID TYPE options_type .)
    COMMA           reduce using rule 47 (column_definition -> ID TYPE options_type .)
    ELIMINA_LA_COLUMNA reduce using rule 47 (column_definition -> ID TYPE options_type .)
    SEMICOLON       reduce using rule 47 (column_definition -> ID TYPE options_type .)


state 90

    (35) options_type -> LPAREN . NUMBER RPAREN unico_constraint no_nulo_constraint por_defecto_constraint clave_prima_constraint clave_referente_constraint

    NUMBER          shift and go to state 104


state 91

    (36) options_type -> empty .

    RPAREN          reduce using rule 36 (options_type -> empty .)
    COMMA           reduce using rule 36 (options_type -> empty .)
    ELIMINA_LA_COLUMNA reduce using rule 36 (options_type -> empty .)
    SEMICOLON       reduce using rule 36 (options_type -> empty .)


state 92

    (1) query -> TRAEME selection_todo selection_distinct selection_contando DE_LA_TABLA table_name optional_join . condition optional_group_by optional_having optional_order_by optional_limit SEMICOLON
    (20) condition -> . DONDE expression
    (21) condition -> . CONTANDO LPAREN TODO RPAREN OPERATOR NUMBER
    (22) condition -> . empty
    (67) empty -> .

    DONDE           shift and go to state 25
    CONTANDO        shift and go to state 26
    AGRUPANDO_POR   reduce using rule 67 (empty -> .)
    WHERE_DEL_GROUP_BY reduce using rule 67 (empty -> .)
    ORDENA_POR      reduce using rule 67 (empty -> .)
    COMO_MUCHO      reduce using rule 67 (empty -> .)
    SEMICOLON       reduce using rule 67 (empty -> .)

    condition                      shift and go to state 105
    empty                          shift and go to state 27

state 93

    (14) optional_join -> MEZCLANDO . table_name EN join_columns DONDE join_condition
    (65) table_name -> . ID

    ID              shift and go to state 13

    table_name                     shift and go to state 106

state 94

    (15) optional_join -> empty .

    DONDE           reduce using rule 15 (optional_join -> empty .)
    CONTANDO        reduce using rule 15 (optional_join -> empty .)
    AGRUPANDO_POR   reduce using rule 15 (optional_join -> empty .)
    WHERE_DEL_GROUP_BY reduce using rule 15 (optional_join -> empty .)
    ORDENA_POR      reduce using rule 15 (optional_join -> empty .)
    COMO_MUCHO      reduce using rule 15 (optional_join -> empty .)
    SEMICOLON       reduce using rule 15 (optional_join -> empty .)


state 95

    (6) selection_contando -> CONTANDO LPAREN TODO RPAREN .

    DE_LA_TABLA     reduce using rule 6 (selection_contando -> CONTANDO LPAREN TODO RPAREN .)


state 96

    (8) query -> METE_EN table_name LPAREN column_list RPAREN LOS_VALORES LPAREN . value_list RPAREN SEMICOLON
    (52) value_list -> . value
    (53) value_list -> . value_list COMMA value
    (54) value -> . NUMBER
    (55) value -> . STRING
    (56) value -> . ID

    NUMBER          shift and go to state 77
    STRING          shift and go to state 78
    ID              shift and go to state 79

    value_list                     shift and go to state 107
    value                          shift and go to state 100

state 97

    (9) query -> ACTUALIZA table_name SETEA column_name OPERATOR value condition . SEMICOLON

    SEMICOLON       shift and go to state 108


state 98

    (27) expression -> ID ENTRE value Y . value
    (54) value -> . NUMBER
    (55) value -> . STRING
    (56) value -> . ID

    NUMBER          shift and go to state 77
    STRING          shift and go to state 78
    ID              shift and go to state 79

    value                          shift and go to state 109

state 99

    (28) expression -> ID EN_ESTO LPAREN value_list . RPAREN
    (53) value_list -> value_list . COMMA value

    RPAREN          shift and go to state 110
    COMMA           shift and go to state 111


state 100

    (52) value_list -> value .

    RPAREN          reduce using rule 52 (value_list -> value .)
    COMMA           reduce using rule 52 (value_list -> value .)


state 101

    (30) expression -> ID DOT ID OPERATOR . STRING

    STRING          shift and go to state 112


state 102

    (29) expression -> EXISTE LPAREN query RPAREN .

    SEMICOLON       reduce using rule 29 (expression -> EXISTE LPAREN query RPAREN .)
    AGRUPANDO_POR   reduce using rule 29 (expression -> EXISTE LPAREN query RPAREN .)
    WHERE_DEL_GROUP_BY reduce using rule 29 (expression -> EXISTE LPAREN query RPAREN .)
    ORDENA_POR      reduce using rule 29 (expression -> EXISTE LPAREN query RPAREN .)
    COMO_MUCHO      reduce using rule 29 (expression -> EXISTE LPAREN query RPAREN .)


state 103

    (21) condition -> CONTANDO LPAREN TODO RPAREN OPERATOR . NUMBER

    NUMBER          shift and go to state 113


state 104

    (35) options_type -> LPAREN NUMBER . RPAREN unico_constraint no_nulo_constraint por_defecto_constraint clave_prima_constraint clave_referente_constraint

    RPAREN          shift and go to state 114


state 105

    (1) query -> TRAEME selection_todo selection_distinct selection_contando DE_LA_TABLA table_name optional_join condition . optional_group_by optional_having optional_order_by optional_limit SEMICOLON
    (57) optional_group_by -> . AGRUPANDO_POR column_list
    (58) optional_group_by -> . empty
    (67) empty -> .

    AGRUPANDO_POR   shift and go to state 116
    WHERE_DEL_GROUP_BY reduce using rule 67 (empty -> .)
    ORDENA_POR      reduce using rule 67 (empty -> .)
    COMO_MUCHO      reduce using rule 67 (empty -> .)
    SEMICOLON       reduce using rule 67 (empty -> .)

    optional_group_by              shift and go to state 115
    empty                          shift and go to state 117

state 106

    (14) optional_join -> MEZCLANDO table_name . EN join_columns DONDE join_condition

    EN              shift and go to state 118


state 107

    (8) query -> METE_EN table_name LPAREN column_list RPAREN LOS_VALORES LPAREN value_list . RPAREN SEMICOLON
    (53) value_list -> value_list . COMMA value

    RPAREN          shift and go to state 119
    COMMA           shift and go to state 111


state 108

    (9) query -> ACTUALIZA table_name SETEA column_name OPERATOR value condition SEMICOLON .

    $end            reduce using rule 9 (query -> ACTUALIZA table_name SETEA column_name OPERATOR value condition SEMICOLON .)
    RPAREN          reduce using rule 9 (query -> ACTUALIZA table_name SETEA column_name OPERATOR value condition SEMICOLON .)


state 109

    (27) expression -> ID ENTRE value Y value .

    SEMICOLON       reduce using rule 27 (expression -> ID ENTRE value Y value .)
    AGRUPANDO_POR   reduce using rule 27 (expression -> ID ENTRE value Y value .)
    WHERE_DEL_GROUP_BY reduce using rule 27 (expression -> ID ENTRE value Y value .)
    ORDENA_POR      reduce using rule 27 (expression -> ID ENTRE value Y value .)
    COMO_MUCHO      reduce using rule 27 (expression -> ID ENTRE value Y value .)


state 110

    (28) expression -> ID EN_ESTO LPAREN value_list RPAREN .

    SEMICOLON       reduce using rule 28 (expression -> ID EN_ESTO LPAREN value_list RPAREN .)
    AGRUPANDO_POR   reduce using rule 28 (expression -> ID EN_ESTO LPAREN value_list RPAREN .)
    WHERE_DEL_GROUP_BY reduce using rule 28 (expression -> ID EN_ESTO LPAREN value_list RPAREN .)
    ORDENA_POR      reduce using rule 28 (expression -> ID EN_ESTO LPAREN value_list RPAREN .)
    COMO_MUCHO      reduce using rule 28 (expression -> ID EN_ESTO LPAREN value_list RPAREN .)


state 111

    (53) value_list -> value_list COMMA . value
    (54) value -> . NUMBER
    (55) value -> . STRING
    (56) value -> . ID

    NUMBER          shift and go to state 77
    STRING          shift and go to state 78
    ID              shift and go to state 79

    value                          shift and go to state 120

state 112

    (30) expression -> ID DOT ID OPERATOR STRING .

    SEMICOLON       reduce using rule 30 (expression -> ID DOT ID OPERATOR STRING .)
    AGRUPANDO_POR   reduce using rule 30 (expression -> ID DOT ID OPERATOR STRING .)
    WHERE_DEL_GROUP_BY reduce using rule 30 (expression -> ID DOT ID OPERATOR STRING .)
    ORDENA_POR      reduce using rule 30 (expression -> ID DOT ID OPERATOR STRING .)
    COMO_MUCHO      reduce using rule 30 (expression -> ID DOT ID OPERATOR STRING .)


state 113

    (21) condition -> CONTANDO LPAREN TODO RPAREN OPERATOR NUMBER .

    SEMICOLON       reduce using rule 21 (condition -> CONTANDO LPAREN TODO RPAREN OPERATOR NUMBER .)
    AGRUPANDO_POR   reduce using rule 21 (condition -> CONTANDO LPAREN TODO RPAREN OPERATOR NUMBER .)
    WHERE_DEL_GROUP_BY reduce using rule 21 (condition -> CONTANDO LPAREN TODO RPAREN OPERATOR NUMBER .)
    ORDENA_POR      reduce using rule 21 (condition -> CONTANDO LPAREN TODO RPAREN OPERATOR NUMBER .)
    COMO_MUCHO      reduce using rule 21 (condition -> CONTANDO LPAREN TODO RPAREN OPERATOR NUMBER .)


state 114

    (35) options_type -> LPAREN NUMBER RPAREN . unico_constraint no_nulo_constraint por_defecto_constraint clave_prima_constraint clave_referente_constraint
    (37) unico_constraint -> . UNICO
    (38) unico_constraint -> . empty
    (67) empty -> .

    UNICO           shift and go to state 122
    NO_NULO         reduce using rule 67 (empty -> .)
    POR_DEFECTO     reduce using rule 67 (empty -> .)
    CLAVE_PRIMA     reduce using rule 67 (empty -> .)
    CLAVE_REFERENTE reduce using rule 67 (empty -> .)
    RPAREN          reduce using rule 67 (empty -> .)
    COMMA           reduce using rule 67 (empty -> .)
    ELIMINA_LA_COLUMNA reduce using rule 67 (empty -> .)
    SEMICOLON       reduce using rule 67 (empty -> .)

    unico_constraint               shift and go to state 121
    empty                          shift and go to state 123

state 115

    (1) query -> TRAEME selection_todo selection_distinct selection_contando DE_LA_TABLA table_name optional_join condition optional_group_by . optional_having optional_order_by optional_limit SEMICOLON
    (59) optional_having -> . WHERE_DEL_GROUP_BY condition
    (60) optional_having -> . empty
    (67) empty -> .

    WHERE_DEL_GROUP_BY shift and go to state 125
    ORDENA_POR      reduce using rule 67 (empty -> .)
    COMO_MUCHO      reduce using rule 67 (empty -> .)
    SEMICOLON       reduce using rule 67 (empty -> .)

    optional_having                shift and go to state 124
    empty                          shift and go to state 126

state 116

    (57) optional_group_by -> AGRUPANDO_POR . column_list
    (50) column_list -> . ID
    (51) column_list -> . column_list COMMA ID

    ID              shift and go to state 39

    column_list                    shift and go to state 127

state 117

    (58) optional_group_by -> empty .

    WHERE_DEL_GROUP_BY reduce using rule 58 (optional_group_by -> empty .)
    ORDENA_POR      reduce using rule 58 (optional_group_by -> empty .)
    COMO_MUCHO      reduce using rule 58 (optional_group_by -> empty .)
    SEMICOLON       reduce using rule 58 (optional_group_by -> empty .)


state 118

    (14) optional_join -> MEZCLANDO table_name EN . join_columns DONDE join_condition
    (16) join_columns -> . ID DOT ID OPERATOR ID DOT ID
    (17) join_columns -> . empty
    (67) empty -> .

    ID              shift and go to state 129
    DONDE           reduce using rule 67 (empty -> .)

    join_columns                   shift and go to state 128
    empty                          shift and go to state 130

state 119

    (8) query -> METE_EN table_name LPAREN column_list RPAREN LOS_VALORES LPAREN value_list RPAREN . SEMICOLON

    SEMICOLON       shift and go to state 131


state 120

    (53) value_list -> value_list COMMA value .

    RPAREN          reduce using rule 53 (value_list -> value_list COMMA value .)
    COMMA           reduce using rule 53 (value_list -> value_list COMMA value .)


state 121

    (35) options_type -> LPAREN NUMBER RPAREN unico_constraint . no_nulo_constraint por_defecto_constraint clave_prima_constraint clave_referente_constraint
    (39) no_nulo_constraint -> . NO_NULO
    (40) no_nulo_constraint -> . empty
    (67) empty -> .

    NO_NULO         shift and go to state 133
    POR_DEFECTO     reduce using rule 67 (empty -> .)
    CLAVE_PRIMA     reduce using rule 67 (empty -> .)
    CLAVE_REFERENTE reduce using rule 67 (empty -> .)
    RPAREN          reduce using rule 67 (empty -> .)
    COMMA           reduce using rule 67 (empty -> .)
    ELIMINA_LA_COLUMNA reduce using rule 67 (empty -> .)
    SEMICOLON       reduce using rule 67 (empty -> .)

    no_nulo_constraint             shift and go to state 132
    empty                          shift and go to state 134

state 122

    (37) unico_constraint -> UNICO .

    NO_NULO         reduce using rule 37 (unico_constraint -> UNICO .)
    POR_DEFECTO     reduce using rule 37 (unico_constraint -> UNICO .)
    CLAVE_PRIMA     reduce using rule 37 (unico_constraint -> UNICO .)
    CLAVE_REFERENTE reduce using rule 37 (unico_constraint -> UNICO .)
    RPAREN          reduce using rule 37 (unico_constraint -> UNICO .)
    COMMA           reduce using rule 37 (unico_constraint -> UNICO .)
    ELIMINA_LA_COLUMNA reduce using rule 37 (unico_constraint -> UNICO .)
    SEMICOLON       reduce using rule 37 (unico_constraint -> UNICO .)


state 123

    (38) unico_constraint -> empty .

    NO_NULO         reduce using rule 38 (unico_constraint -> empty .)
    POR_DEFECTO     reduce using rule 38 (unico_constraint -> empty .)
    CLAVE_PRIMA     reduce using rule 38 (unico_constraint -> empty .)
    CLAVE_REFERENTE reduce using rule 38 (unico_constraint -> empty .)
    RPAREN          reduce using rule 38 (unico_constraint -> empty .)
    COMMA           reduce using rule 38 (unico_constraint -> empty .)
    ELIMINA_LA_COLUMNA reduce using rule 38 (unico_constraint -> empty .)
    SEMICOLON       reduce using rule 38 (unico_constraint -> empty .)


state 124

    (1) query -> TRAEME selection_todo selection_distinct selection_contando DE_LA_TABLA table_name optional_join condition optional_group_by optional_having . optional_order_by optional_limit SEMICOLON
    (61) optional_order_by -> . ORDENA_POR column_list
    (62) optional_order_by -> . empty
    (67) empty -> .

    ORDENA_POR      shift and go to state 136
    COMO_MUCHO      reduce using rule 67 (empty -> .)
    SEMICOLON       reduce using rule 67 (empty -> .)

    optional_order_by              shift and go to state 135
    empty                          shift and go to state 137

state 125

    (59) optional_having -> WHERE_DEL_GROUP_BY . condition
    (20) condition -> . DONDE expression
    (21) condition -> . CONTANDO LPAREN TODO RPAREN OPERATOR NUMBER
    (22) condition -> . empty
    (67) empty -> .

    DONDE           shift and go to state 25
    CONTANDO        shift and go to state 26
    ORDENA_POR      reduce using rule 67 (empty -> .)
    COMO_MUCHO      reduce using rule 67 (empty -> .)
    SEMICOLON       reduce using rule 67 (empty -> .)

    condition                      shift and go to state 138
    empty                          shift and go to state 27

state 126

    (60) optional_having -> empty .

    ORDENA_POR      reduce using rule 60 (optional_having -> empty .)
    COMO_MUCHO      reduce using rule 60 (optional_having -> empty .)
    SEMICOLON       reduce using rule 60 (optional_having -> empty .)


state 127

    (57) optional_group_by -> AGRUPANDO_POR column_list .
    (51) column_list -> column_list . COMMA ID

    WHERE_DEL_GROUP_BY reduce using rule 57 (optional_group_by -> AGRUPANDO_POR column_list .)
    ORDENA_POR      reduce using rule 57 (optional_group_by -> AGRUPANDO_POR column_list .)
    COMO_MUCHO      reduce using rule 57 (optional_group_by -> AGRUPANDO_POR column_list .)
    SEMICOLON       reduce using rule 57 (optional_group_by -> AGRUPANDO_POR column_list .)
    COMMA           shift and go to state 56


state 128

    (14) optional_join -> MEZCLANDO table_name EN join_columns . DONDE join_condition

    DONDE           shift and go to state 139


state 129

    (16) join_columns -> ID . DOT ID OPERATOR ID DOT ID

    DOT             shift and go to state 140


state 130

    (17) join_columns -> empty .

    DONDE           reduce using rule 17 (join_columns -> empty .)


state 131

    (8) query -> METE_EN table_name LPAREN column_list RPAREN LOS_VALORES LPAREN value_list RPAREN SEMICOLON .

    $end            reduce using rule 8 (query -> METE_EN table_name LPAREN column_list RPAREN LOS_VALORES LPAREN value_list RPAREN SEMICOLON .)
    RPAREN          reduce using rule 8 (query -> METE_EN table_name LPAREN column_list RPAREN LOS_VALORES LPAREN value_list RPAREN SEMICOLON .)


state 132

    (35) options_type -> LPAREN NUMBER RPAREN unico_constraint no_nulo_constraint . por_defecto_constraint clave_prima_constraint clave_referente_constraint
    (41) por_defecto_constraint -> . POR_DEFECTO value
    (42) por_defecto_constraint -> . empty
    (67) empty -> .

    POR_DEFECTO     shift and go to state 142
    CLAVE_PRIMA     reduce using rule 67 (empty -> .)
    CLAVE_REFERENTE reduce using rule 67 (empty -> .)
    RPAREN          reduce using rule 67 (empty -> .)
    COMMA           reduce using rule 67 (empty -> .)
    ELIMINA_LA_COLUMNA reduce using rule 67 (empty -> .)
    SEMICOLON       reduce using rule 67 (empty -> .)

    por_defecto_constraint         shift and go to state 141
    empty                          shift and go to state 143

state 133

    (39) no_nulo_constraint -> NO_NULO .

    POR_DEFECTO     reduce using rule 39 (no_nulo_constraint -> NO_NULO .)
    CLAVE_PRIMA     reduce using rule 39 (no_nulo_constraint -> NO_NULO .)
    CLAVE_REFERENTE reduce using rule 39 (no_nulo_constraint -> NO_NULO .)
    RPAREN          reduce using rule 39 (no_nulo_constraint -> NO_NULO .)
    COMMA           reduce using rule 39 (no_nulo_constraint -> NO_NULO .)
    ELIMINA_LA_COLUMNA reduce using rule 39 (no_nulo_constraint -> NO_NULO .)
    SEMICOLON       reduce using rule 39 (no_nulo_constraint -> NO_NULO .)


state 134

    (40) no_nulo_constraint -> empty .

    POR_DEFECTO     reduce using rule 40 (no_nulo_constraint -> empty .)
    CLAVE_PRIMA     reduce using rule 40 (no_nulo_constraint -> empty .)
    CLAVE_REFERENTE reduce using rule 40 (no_nulo_constraint -> empty .)
    RPAREN          reduce using rule 40 (no_nulo_constraint -> empty .)
    COMMA           reduce using rule 40 (no_nulo_constraint -> empty .)
    ELIMINA_LA_COLUMNA reduce using rule 40 (no_nulo_constraint -> empty .)
    SEMICOLON       reduce using rule 40 (no_nulo_constraint -> empty .)


state 135

    (1) query -> TRAEME selection_todo selection_distinct selection_contando DE_LA_TABLA table_name optional_join condition optional_group_by optional_having optional_order_by . optional_limit SEMICOLON
    (63) optional_limit -> . COMO_MUCHO NUMBER
    (64) optional_limit -> . empty
    (67) empty -> .

    COMO_MUCHO      shift and go to state 145
    SEMICOLON       reduce using rule 67 (empty -> .)

    optional_limit                 shift and go to state 144
    empty                          shift and go to state 146

state 136

    (61) optional_order_by -> ORDENA_POR . column_list
    (50) column_list -> . ID
    (51) column_list -> . column_list COMMA ID

    ID              shift and go to state 39

    column_list                    shift and go to state 147

state 137

    (62) optional_order_by -> empty .

    COMO_MUCHO      reduce using rule 62 (optional_order_by -> empty .)
    SEMICOLON       reduce using rule 62 (optional_order_by -> empty .)


state 138

    (59) optional_having -> WHERE_DEL_GROUP_BY condition .

    ORDENA_POR      reduce using rule 59 (optional_having -> WHERE_DEL_GROUP_BY condition .)
    COMO_MUCHO      reduce using rule 59 (optional_having -> WHERE_DEL_GROUP_BY condition .)
    SEMICOLON       reduce using rule 59 (optional_having -> WHERE_DEL_GROUP_BY condition .)


state 139

    (14) optional_join -> MEZCLANDO table_name EN join_columns DONDE . join_condition
    (18) join_condition -> . ID DOT ID OPERATOR STRING
    (19) join_condition -> . empty
    (67) empty -> .

    ID              shift and go to state 149
    DONDE           reduce using rule 67 (empty -> .)
    CONTANDO        reduce using rule 67 (empty -> .)
    AGRUPANDO_POR   reduce using rule 67 (empty -> .)
    WHERE_DEL_GROUP_BY reduce using rule 67 (empty -> .)
    ORDENA_POR      reduce using rule 67 (empty -> .)
    COMO_MUCHO      reduce using rule 67 (empty -> .)
    SEMICOLON       reduce using rule 67 (empty -> .)

    join_condition                 shift and go to state 148
    empty                          shift and go to state 150

state 140

    (16) join_columns -> ID DOT . ID OPERATOR ID DOT ID

    ID              shift and go to state 151


state 141

    (35) options_type -> LPAREN NUMBER RPAREN unico_constraint no_nulo_constraint por_defecto_constraint . clave_prima_constraint clave_referente_constraint
    (43) clave_prima_constraint -> . CLAVE_PRIMA
    (44) clave_prima_constraint -> . empty
    (67) empty -> .

    CLAVE_PRIMA     shift and go to state 153
    CLAVE_REFERENTE reduce using rule 67 (empty -> .)
    RPAREN          reduce using rule 67 (empty -> .)
    COMMA           reduce using rule 67 (empty -> .)
    ELIMINA_LA_COLUMNA reduce using rule 67 (empty -> .)
    SEMICOLON       reduce using rule 67 (empty -> .)

    clave_prima_constraint         shift and go to state 152
    empty                          shift and go to state 154

state 142

    (41) por_defecto_constraint -> POR_DEFECTO . value
    (54) value -> . NUMBER
    (55) value -> . STRING
    (56) value -> . ID

    NUMBER          shift and go to state 77
    STRING          shift and go to state 78
    ID              shift and go to state 79

    value                          shift and go to state 155

state 143

    (42) por_defecto_constraint -> empty .

    CLAVE_PRIMA     reduce using rule 42 (por_defecto_constraint -> empty .)
    CLAVE_REFERENTE reduce using rule 42 (por_defecto_constraint -> empty .)
    RPAREN          reduce using rule 42 (por_defecto_constraint -> empty .)
    COMMA           reduce using rule 42 (por_defecto_constraint -> empty .)
    ELIMINA_LA_COLUMNA reduce using rule 42 (por_defecto_constraint -> empty .)
    SEMICOLON       reduce using rule 42 (por_defecto_constraint -> empty .)


state 144

    (1) query -> TRAEME selection_todo selection_distinct selection_contando DE_LA_TABLA table_name optional_join condition optional_group_by optional_having optional_order_by optional_limit . SEMICOLON

    SEMICOLON       shift and go to state 156


state 145

    (63) optional_limit -> COMO_MUCHO . NUMBER

    NUMBER          shift and go to state 157


state 146

    (64) optional_limit -> empty .

    SEMICOLON       reduce using rule 64 (optional_limit -> empty .)


state 147

    (61) optional_order_by -> ORDENA_POR column_list .
    (51) column_list -> column_list . COMMA ID

    COMO_MUCHO      reduce using rule 61 (optional_order_by -> ORDENA_POR column_list .)
    SEMICOLON       reduce using rule 61 (optional_order_by -> ORDENA_POR column_list .)
    COMMA           shift and go to state 56


state 148

    (14) optional_join -> MEZCLANDO table_name EN join_columns DONDE join_condition .

    DONDE           reduce using rule 14 (optional_join -> MEZCLANDO table_name EN join_columns DONDE join_condition .)
    CONTANDO        reduce using rule 14 (optional_join -> MEZCLANDO table_name EN join_columns DONDE join_condition .)
    AGRUPANDO_POR   reduce using rule 14 (optional_join -> MEZCLANDO table_name EN join_columns DONDE join_condition .)
    WHERE_DEL_GROUP_BY reduce using rule 14 (optional_join -> MEZCLANDO table_name EN join_columns DONDE join_condition .)
    ORDENA_POR      reduce using rule 14 (optional_join -> MEZCLANDO table_name EN join_columns DONDE join_condition .)
    COMO_MUCHO      reduce using rule 14 (optional_join -> MEZCLANDO table_name EN join_columns DONDE join_condition .)
    SEMICOLON       reduce using rule 14 (optional_join -> MEZCLANDO table_name EN join_columns DONDE join_condition .)


state 149

    (18) join_condition -> ID . DOT ID OPERATOR STRING

    DOT             shift and go to state 158


state 150

    (19) join_condition -> empty .

    DONDE           reduce using rule 19 (join_condition -> empty .)
    CONTANDO        reduce using rule 19 (join_condition -> empty .)
    AGRUPANDO_POR   reduce using rule 19 (join_condition -> empty .)
    WHERE_DEL_GROUP_BY reduce using rule 19 (join_condition -> empty .)
    ORDENA_POR      reduce using rule 19 (join_condition -> empty .)
    COMO_MUCHO      reduce using rule 19 (join_condition -> empty .)
    SEMICOLON       reduce using rule 19 (join_condition -> empty .)


state 151

    (16) join_columns -> ID DOT ID . OPERATOR ID DOT ID

    OPERATOR        shift and go to state 159


state 152

    (35) options_type -> LPAREN NUMBER RPAREN unico_constraint no_nulo_constraint por_defecto_constraint clave_prima_constraint . clave_referente_constraint
    (45) clave_referente_constraint -> . CLAVE_REFERENTE
    (46) clave_referente_constraint -> . empty
    (67) empty -> .

    CLAVE_REFERENTE shift and go to state 161
    RPAREN          reduce using rule 67 (empty -> .)
    COMMA           reduce using rule 67 (empty -> .)
    ELIMINA_LA_COLUMNA reduce using rule 67 (empty -> .)
    SEMICOLON       reduce using rule 67 (empty -> .)

    clave_referente_constraint     shift and go to state 160
    empty                          shift and go to state 162

state 153

    (43) clave_prima_constraint -> CLAVE_PRIMA .

    CLAVE_REFERENTE reduce using rule 43 (clave_prima_constraint -> CLAVE_PRIMA .)
    RPAREN          reduce using rule 43 (clave_prima_constraint -> CLAVE_PRIMA .)
    COMMA           reduce using rule 43 (clave_prima_constraint -> CLAVE_PRIMA .)
    ELIMINA_LA_COLUMNA reduce using rule 43 (clave_prima_constraint -> CLAVE_PRIMA .)
    SEMICOLON       reduce using rule 43 (clave_prima_constraint -> CLAVE_PRIMA .)


state 154

    (44) clave_prima_constraint -> empty .

    CLAVE_REFERENTE reduce using rule 44 (clave_prima_constraint -> empty .)
    RPAREN          reduce using rule 44 (clave_prima_constraint -> empty .)
    COMMA           reduce using rule 44 (clave_prima_constraint -> empty .)
    ELIMINA_LA_COLUMNA reduce using rule 44 (clave_prima_constraint -> empty .)
    SEMICOLON       reduce using rule 44 (clave_prima_constraint -> empty .)


state 155

    (41) por_defecto_constraint -> POR_DEFECTO value .

    CLAVE_PRIMA     reduce using rule 41 (por_defecto_constraint -> POR_DEFECTO value .)
    CLAVE_REFERENTE reduce using rule 41 (por_defecto_constraint -> POR_DEFECTO value .)
    RPAREN          reduce using rule 41 (por_defecto_constraint -> POR_DEFECTO value .)
    COMMA           reduce using rule 41 (por_defecto_constraint -> POR_DEFECTO value .)
    ELIMINA_LA_COLUMNA reduce using rule 41 (por_defecto_constraint -> POR_DEFECTO value .)
    SEMICOLON       reduce using rule 41 (por_defecto_constraint -> POR_DEFECTO value .)


state 156

    (1) query -> TRAEME selection_todo selection_distinct selection_contando DE_LA_TABLA table_name optional_join condition optional_group_by optional_having optional_order_by optional_limit SEMICOLON .

    $end            reduce using rule 1 (query -> TRAEME selection_todo selection_distinct selection_contando DE_LA_TABLA table_name optional_join condition optional_group_by optional_having optional_order_by optional_limit SEMICOLON .)
    RPAREN          reduce using rule 1 (query -> TRAEME selection_todo selection_distinct selection_contando DE_LA_TABLA table_name optional_join condition optional_group_by optional_having optional_order_by optional_limit SEMICOLON .)


state 157

    (63) optional_limit -> COMO_MUCHO NUMBER .

    SEMICOLON       reduce using rule 63 (optional_limit -> COMO_MUCHO NUMBER .)


state 158

    (18) join_condition -> ID DOT . ID OPERATOR STRING

    ID              shift and go to state 163


state 159

    (16) join_columns -> ID DOT ID OPERATOR . ID DOT ID

    ID              shift and go to state 164


state 160

    (35) options_type -> LPAREN NUMBER RPAREN unico_constraint no_nulo_constraint por_defecto_constraint clave_prima_constraint clave_referente_constraint .

    RPAREN          reduce using rule 35 (options_type -> LPAREN NUMBER RPAREN unico_constraint no_nulo_constraint por_defecto_constraint clave_prima_constraint clave_referente_constraint .)
    COMMA           reduce using rule 35 (options_type -> LPAREN NUMBER RPAREN unico_constraint no_nulo_constraint por_defecto_constraint clave_prima_constraint clave_referente_constraint .)
    ELIMINA_LA_COLUMNA reduce using rule 35 (options_type -> LPAREN NUMBER RPAREN unico_constraint no_nulo_constraint por_defecto_constraint clave_prima_constraint clave_referente_constraint .)
    SEMICOLON       reduce using rule 35 (options_type -> LPAREN NUMBER RPAREN unico_constraint no_nulo_constraint por_defecto_constraint clave_prima_constraint clave_referente_constraint .)


state 161

    (45) clave_referente_constraint -> CLAVE_REFERENTE .

    RPAREN          reduce using rule 45 (clave_referente_constraint -> CLAVE_REFERENTE .)
    COMMA           reduce using rule 45 (clave_referente_constraint -> CLAVE_REFERENTE .)
    ELIMINA_LA_COLUMNA reduce using rule 45 (clave_referente_constraint -> CLAVE_REFERENTE .)
    SEMICOLON       reduce using rule 45 (clave_referente_constraint -> CLAVE_REFERENTE .)


state 162

    (46) clave_referente_constraint -> empty .

    RPAREN          reduce using rule 46 (clave_referente_constraint -> empty .)
    COMMA           reduce using rule 46 (clave_referente_constraint -> empty .)
    ELIMINA_LA_COLUMNA reduce using rule 46 (clave_referente_constraint -> empty .)
    SEMICOLON       reduce using rule 46 (clave_referente_constraint -> empty .)


state 163

    (18) join_condition -> ID DOT ID . OPERATOR STRING

    OPERATOR        shift and go to state 165


state 164

    (16) join_columns -> ID DOT ID OPERATOR ID . DOT ID

    DOT             shift and go to state 166


state 165

    (18) join_condition -> ID DOT ID OPERATOR . STRING

    STRING          shift and go to state 167


state 166

    (16) join_columns -> ID DOT ID OPERATOR ID DOT . ID

    ID              shift and go to state 168


state 167

    (18) join_condition -> ID DOT ID OPERATOR STRING .

    DONDE           reduce using rule 18 (join_condition -> ID DOT ID OPERATOR STRING .)
    CONTANDO        reduce using rule 18 (join_condition -> ID DOT ID OPERATOR STRING .)
    AGRUPANDO_POR   reduce using rule 18 (join_condition -> ID DOT ID OPERATOR STRING .)
    WHERE_DEL_GROUP_BY reduce using rule 18 (join_condition -> ID DOT ID OPERATOR STRING .)
    ORDENA_POR      reduce using rule 18 (join_condition -> ID DOT ID OPERATOR STRING .)
    COMO_MUCHO      reduce using rule 18 (join_condition -> ID DOT ID OPERATOR STRING .)
    SEMICOLON       reduce using rule 18 (join_condition -> ID DOT ID OPERATOR STRING .)


state 168

    (16) join_columns -> ID DOT ID OPERATOR ID DOT ID .

    DONDE           reduce using rule 16 (join_columns -> ID DOT ID OPERATOR ID DOT ID .)

